<?xml version="1.0" encoding="UTF-8"?>
<!-- Generated by org.testng.reporters.JUnitReportReporter -->
<testsuite hostname="DESKTOP-DIG940R" failures="0" tests="4" name="testNG.UnitRegressionTest" time="0.020" errors="0" timestamp="2022-11-01T20:20:29 IST" skipped="0">
  <testcase classname="testNG.UnitRegressionTest" name="demoTest1" time="0.012"/>
  <system-out/>
  <testcase classname="testNG.UnitRegressionTest" name="demoTest3" time="0.005"/>
  <system-out/>
  <testcase classname="testNG.UnitRegressionTest" name="demoTest2" time="0.002"/>
  <system-out/>
  <testcase classname="testNG.UnitRegressionTest" name="demoTest4" time="0.001"/>
  <system-out/>
</testsuite> <!-- testNG.UnitRegressionTest -->
