<?xml version="1.0" encoding="UTF-8"?>
<!-- Generated by org.testng.reporters.JUnitReportReporter -->
<testsuite hostname="DESKTOP-DIG940R" failures="0" tests="1" name="practice.Skyrank" time="27.208" errors="0" timestamp="2022-10-07T12:31:07 IST" skipped="0">
  <testcase classname="practice.Skyrank" name="actions" time="27.208"/>
  <system-out/>
</testsuite> <!-- practice.Skyrank -->
