<?xml version="1.0" encoding="UTF-8"?>
<!-- Generated by org.testng.reporters.JUnitReportReporter -->
<testsuite hostname="DESKTOP-DIG940R" failures="0" tests="1" name="practice.Testajio" time="56.925" errors="0" timestamp="2022-10-06T20:30:40 IST" skipped="0">
  <testcase classname="practice.Testajio" name="action" time="56.925"/>
  <system-out/>
</testsuite> <!-- practice.Testajio -->
